<?xml version="1.0" encoding="UTF-8"?>
<testng-results skipped="0" failed="0" total="1" passed="1">
  <reporter-output>
  </reporter-output>
  <suite name="Suite" duration-ms="5534" started-at="2018-02-03T10:25:21Z" finished-at="2018-02-03T10:25:26Z">
    <groups>
    </groups>
    <test name="Test" duration-ms="5534" started-at="2018-02-03T10:25:21Z" finished-at="2018-02-03T10:25:26Z">
      <class name="qsp.DemoA">
        <test-method status="PASS" signature="testA()[pri:0, instance:qsp.DemoA@5c7fa833]" name="testA" duration-ms="5507" started-at="2018-02-03T15:55:21Z" finished-at="2018-02-03T15:55:26Z">
          <reporter-output>
          </reporter-output>
        </test-method> <!-- testA -->
      </class> <!-- qsp.DemoA -->
    </test> <!-- Test -->
  </suite> <!-- Suite -->
</testng-results>
